c:\users\user\desktop\sp\video_analyzer\video_analyzer\arm64\debug\vc143.pdb
c:\users\user\desktop\sp\video_analyzer\video_analyzer\arm64\debug\vc143.idb
c:\users\user\desktop\sp\video_analyzer\video_analyzer\arm64\debug\video_reader.obj
c:\users\user\desktop\sp\video_analyzer\video_analyzer\arm64\debug\video_player_window.obj
c:\users\user\desktop\sp\video_analyzer\video_analyzer\arm64\debug\main.obj
c:\users\user\desktop\sp\video_analyzer\video_analyzer\arm64\debug\video_player.obj
c:\users\user\desktop\sp\video_analyzer\video_analyzer\arm64\debug\video_info_window.obj
c:\users\user\desktop\sp\video_analyzer\video_analyzer\arm64\debug\video_analyzer.obj
c:\users\user\desktop\sp\video_analyzer\video_analyzer\arm64\debug\video_analyzer.res
c:\users\user\desktop\sp\video_analyzer\arm64\debug\video_analyzer.pdb
c:\users\user\desktop\sp\video_analyzer\video_analyzer\arm64\debug\video_analyzer.tlog\cl.command.1.tlog
c:\users\user\desktop\sp\video_analyzer\video_analyzer\arm64\debug\video_analyzer.tlog\cl.read.1.tlog
c:\users\user\desktop\sp\video_analyzer\video_analyzer\arm64\debug\video_analyzer.tlog\cl.write.1.tlog
c:\users\user\desktop\sp\video_analyzer\video_analyzer\arm64\debug\video_analyzer.tlog\link-cvtres.read.1.tlog
c:\users\user\desktop\sp\video_analyzer\video_analyzer\arm64\debug\video_analyzer.tlog\link-cvtres.write.1.tlog
c:\users\user\desktop\sp\video_analyzer\video_analyzer\arm64\debug\video_analyzer.tlog\link-rc.read.1.tlog
c:\users\user\desktop\sp\video_analyzer\video_analyzer\arm64\debug\video_analyzer.tlog\link-rc.write.1.tlog
c:\users\user\desktop\sp\video_analyzer\video_analyzer\arm64\debug\video_analyzer.tlog\link.command.1.tlog
c:\users\user\desktop\sp\video_analyzer\video_analyzer\arm64\debug\video_analyzer.tlog\link.read.1.tlog
c:\users\user\desktop\sp\video_analyzer\video_analyzer\arm64\debug\video_analyzer.tlog\link.read.2.tlog
c:\users\user\desktop\sp\video_analyzer\video_analyzer\arm64\debug\video_analyzer.tlog\link.write.1.tlog
c:\users\user\desktop\sp\video_analyzer\video_analyzer\arm64\debug\video_analyzer.tlog\rc.command.1.tlog
c:\users\user\desktop\sp\video_analyzer\video_analyzer\arm64\debug\video_analyzer.tlog\rc.read.1.tlog
c:\users\user\desktop\sp\video_analyzer\video_analyzer\arm64\debug\video_analyzer.tlog\rc.write.1.tlog
